<?xml version="1.0" encoding="UTF-8"?><testsuite errors="1" failures="0" name="Signing to Straits times" skipped="0" tests="1" time="0.44" timestamp="2018-04-113 12:25:35"><testcase name="Signing to Straits times"><error type="java.lang.NullPointerException"/><system-err>null&#13;
com.google.common.base.Preconditions.checkNotNull(Preconditions.java:210)&#13;
com.vinoth.test.pages.HomePage.verifyPageLoaded(HomePage.java:67)&#13;
com.vinoth.test.steps.SignInScenariosSteps.iHaveUserDetailsForSignUpEmailPasswordName(SignInScenariosSteps.java:28)&#13;
✽.Given I have user details for sign in(src/test/resources/features/SignIn.feature:5)&#13;
</system-err></testcase></testsuite>